<?xml version="1.0" encoding="UTF-8"?>
<!-- Generated by org.testng.reporters.JUnitXMLReporter -->
<testsuite hostname="DESKTOP-43OTTAV" ignored="0" name="release 4.32 smoke tests" tests="5" failures="0" timestamp="2022-01-15T06:32:24 EST" time="9.704" errors="0">
  <testcase name="@BeforeTest Beforetest" time="0.006" classname="TestScripts.validateElements">
    <failure type="java.lang.IllegalStateException" message="The driver executable does not exist: C:\Users\Aqdas\Desktop\Driver\chromedriver.exe">
      <![CDATA[java.lang.IllegalStateException: The driver executable does not exist: C:\Users\Aqdas\Desktop\Driver\chromedriver.exe
at com.google.common.base.Preconditions.checkState(Preconditions.java:534)
at org.openqa.selenium.remote.service.DriverService.checkExecutable(DriverService.java:136)
at org.openqa.selenium.remote.service.DriverService.findExecutable(DriverService.java:131)
at org.openqa.selenium.chrome.ChromeDriverService.access$000(ChromeDriverService.java:32)
at org.openqa.selenium.chrome.ChromeDriverService$Builder.findDefaultExecutable(ChromeDriverService.java:137)
at org.openqa.selenium.remote.service.DriverService$Builder.build(DriverService.java:339)
at org.openqa.selenium.chrome.ChromeDriverService.createDefaultService(ChromeDriverService.java:88)
at org.openqa.selenium.chrome.ChromeDriver.<init>(ChromeDriver.java:123)
at TestScripts.validateElements.Beforetest(validateElements.java:26)
... Removed 24 stack frames]]>
    </failure>
  </testcase> <!-- @BeforeTest Beforetest -->
  <testcase name="@AfterTest CloseTest" time="0.0" classname="TestScripts.validateElements">
    <failure type="java.lang.NullPointerException">
      <![CDATA[java.lang.NullPointerException
at TestScripts.validateElements.CloseTest(validateElements.java:73)
... Removed 24 stack frames]]>
    </failure>
  </testcase> <!-- @AfterTest CloseTest -->
  <testcase name="ValidatePositiveLogin" time="2.5" classname="TestScripts.sauceValidateEleTSP$validateElements"/>
  <testcase name="Elementdisplayed" time="0.0" classname="TestScripts.validateElements">
    <skipped/>
  </testcase> <!-- Elementdisplayed -->
  <testcase name="ValidatePositiveLogin1" time="2.294" classname="TestScripts.sauceValidateEleTSP$validateElements"/>
  <testcase name="ElementsEnabled" time="0.0" classname="TestScripts.validateElements">
    <skipped/>
  </testcase> <!-- ElementsEnabled -->
  <testcase name="ValidateLockeOutLogin" time="0.306" classname="TestScripts.sauceValidateEleTSP$validateElements"/>
</testsuite> <!-- release 4.32 smoke tests -->
